+ analyze_power_grid -net VDD -voltage_file /foss/designs/ihp-sg13g2-ams-chip-template/flow/librelane/runs/RUN_2026-05-11_00-53-54/55-openroad-irdropreport/net-VDD.csv
[INFO PSM-0040] All shapes on net VDD are connected.
########## IR report #################
Net              : VDD
Corner           : nom_typ_1p50V_25C
Total power      : 4.38e-03 W
Supply voltage   : 1.50e+00 V
Worstcase voltage: 1.50e+00 V
Average voltage  : 1.50e+00 V
Average IR drop  : 5.94e-04 V
Worstcase IR drop: 9.37e-04 V
Percentage drop  : 0.06 %
######################################
+ analyze_power_grid -net VSS -voltage_file /foss/designs/ihp-sg13g2-ams-chip-template/flow/librelane/runs/RUN_2026-05-11_00-53-54/55-openroad-irdropreport/net-VSS.csv
[INFO PSM-0040] All shapes on net VSS are connected.
########## IR report #################
Net              : VSS
Corner           : nom_typ_1p50V_25C
Total power      : 4.38e-03 W
Supply voltage   : 0.00e+00 V
Worstcase voltage: 9.94e-04 V
Average voltage  : 6.10e-04 V
Average IR drop  : 6.10e-04 V
Worstcase IR drop: 9.94e-04 V
Percentage drop  : 0.07 %
######################################
