108. Printing statistics.

=== chip_top ===

        +----------Local Count, excluding submodules.
        |        +-Local Area, excluding submodules.
        |        | 
      265        - wires
      287        - wire bits
       74        - public wires
       96        - public wire bits
        6        - ports
       28        - port bits
      231 4.62E+05 cells
        1        -   RM_IHPSG13_1P_1024x32_c2_bm_bist
        2        -   counter_top
        2        -   inverter_top
        4    57600   sg13g2_IOPadAnalog
        1    14400   sg13g2_IOPadIOVdd
        1    14400   sg13g2_IOPadIOVss
        3    43200   sg13g2_IOPadIn
        4    57600   sg13g2_IOPadInOut30mA
       17   244800   sg13g2_IOPadOut30mA
        1    14400   sg13g2_IOPadVdd
        1    14400   sg13g2_IOPadVss
        1        -   sg13g2_ip__jku
        1        -   sg13g2_ip__jku_names
        3   21.773   sg13g2_tiehi
      158 1.15E+03   sg13g2_tielo
       22  319.334   sg13g2_xnor2_1
        9  130.637   sg13g2_xor2_1

   Area for cell type \RM_IHPSG13_1P_1024x32_c2_bm_bist is unknown!
   Area for cell type \inverter_top is unknown!
   Area for cell type \sg13g2_ip__jku is unknown!
   Area for cell type \sg13g2_ip__jku_names is unknown!
   Area for cell type \counter_top is unknown!

   Chip area for module '\chip_top': 462418.444800
     of which used for sequential elements: 0.000000 (0.00%)

