95. Printing statistics.

=== counter_top ===

        +----------Local Count, excluding submodules.
        | 
       31 wires
       38 wire bits
        4 public wires
       11 public wire bits
        4 ports
       11 port bits
       35 cells
        8   $_ANDNOT_
        1   $_AND_
        5   $_NAND_
        2   $_ORNOT_
        4   $_OR_
        8   $_SDFFE_PN0P_
        1   $_XNOR_
        6   $_XOR_

   Area for cell type $_ANDNOT_ is unknown!
   Area for cell type $_AND_ is unknown!
   Area for cell type $_NAND_ is unknown!
   Area for cell type $_ORNOT_ is unknown!
   Area for cell type $_OR_ is unknown!
   Area for cell type $_SDFFE_PN0P_ is unknown!
   Area for cell type $_XNOR_ is unknown!
   Area for cell type $_XOR_ is unknown!

