
37. Executing CHECK pass (checking for obvious problems).
Checking module riscv_top...
Checking module cordic_iterative...
Checking module dsmod...
Checking module $paramod\lo_gen\DEFAULT=s32'00000000000000000000000000000000...
Checking module spi_master...
Checking module i2c_master...
Checking module i2c_master_mc...
Checking module uart_tx...
Checking module uart_rx...
Checking module freq_generator...
Checking module imm_gen...
Checking module $paramod$9a70040d3a37b700d68846760e6895d0d7cf31f6\memory...
Checking module control...
Checking module csr...
Checking module instructioncounter...
Checking module alu...
Checking module regs...
Checking module $paramod$ed674b5acc417e95b2efc1c7cc4c1308827dc7b1\cordic_slice...
Found and reported 0 problems.
